library/lib_core_frame/build/outputs/logs/manifest-merger-debug-report.txt
-- Merging decision tree log ---
manifest
ADDED from src\main\AndroidManifest.xml:1:1-23:12
INJECTED from src\main\AndroidManifest.xml:1:1-23:12
INJECTED from src\main\AndroidManifest.xml:1:1-23:12
INJECTED from src\main\AndroidManifest.xml:1:1-23:12
INJECTED from src\main\AndroidManifest.xml:1:1-23:12
INJECTED from src\main\AndroidManifest.xml:1:1-23:12
INJECTED from src\main\AndroidManifest.xml:1:1-23:12
	package
		ADDED from src\main\AndroidManifest.xml:2:11-35
		INJECTED from src\main\AndroidManifest.xml
		INJECTED from src\main\AndroidManifest.xml
	android:versionName
		INJECTED from src\main\AndroidManifest.xml
		ADDED from src\main\AndroidManifest.xml:1:1-23:12
		INJECTED from src\main\AndroidManifest.xml
	android:versionCode
		INJECTED from src\main\AndroidManifest.xml
		ADDED from src\main\AndroidManifest.xml:1:1-23:12
		INJECTED from src\main\AndroidManifest.xml
	xmlns:android
		ADDED from src\main\AndroidManifest.xml:1:11-69
uses-permission#android.permission.ACCESS_NETWORK_STATE
ADDED from src\main\AndroidManifest.xml:4:5-79
	android:name
		ADDED from src\main\AndroidManifest.xml:4:22-76
uses-permission#android.permission.CHANGE_NETWORK_STATE
ADDED from src\main\AndroidManifest.xml:5:5-79
	android:name
		ADDED from src\main\AndroidManifest.xml:5:22-76
uses-permission#android.permission.ACCESS_WIFI_STATE
ADDED from src\main\AndroidManifest.xml:6:5-76
	android:name
		ADDED from src\main\AndroidManifest.xml:6:22-73
uses-permission#android.permission.READ_PHONE_STATE
ADDED from src\main\AndroidManifest.xml:7:5-75
	android:name
		ADDED from src\main\AndroidManifest.xml:7:22-72
uses-permission#android.permission.INTERNET
ADDED from src\main\AndroidManifest.xml:8:5-67
	android:name
		ADDED from src\main\AndroidManifest.xml:8:22-64
application
ADDED from src\main\AndroidManifest.xml:10:5-22:19
activity#com.core.frame.crash.CrashDialogActivity
ADDED from src\main\AndroidManifest.xml:13:9-16:70
	android:excludeFromRecents
		ADDED from src\main\AndroidManifest.xml:15:17-50
	android:theme
		ADDED from src\main\AndroidManifest.xml:16:17-68
	android:name
		ADDED from src\main\AndroidManifest.xml:14:17-58
provider#com.core.frame.provider.CustomCrashProvider
ADDED from src\main\AndroidManifest.xml:17:9-21:11
	android:authorities
		ADDED from src\main\AndroidManifest.xml:18:17-84
	android:exported
		ADDED from src\main\AndroidManifest.xml:20:17-41
	android:name
		ADDED from src\main\AndroidManifest.xml:19:17-61
uses-sdk
INJECTED from src\main\AndroidManifest.xml reason: use-sdk injection requested
INJECTED from src\main\AndroidManifest.xml
INJECTED from src\main\AndroidManifest.xml
INJECTED from src\main\AndroidManifest.xml
INJECTED from src\main\AndroidManifest.xml
	android:targetSdkVersion
		INJECTED from src\main\AndroidManifest.xml
		ADDED from src\main\AndroidManifest.xml
		INJECTED from src\main\AndroidManifest.xml
	android:minSdkVersion
		INJECTED from src\main\AndroidManifest.xml
		ADDED from src\main\AndroidManifest.xml
		INJECTED from src\main\AndroidManifest.xml